<?xml version="1.0" encoding="UTF-8"?>
<!-- Generated by org.testng.reporters.JUnitReportReporter -->
<testsuite hostname="Hariom" failures="0" tests="1" name="com.fakestoreAssignment28_06.FakeStore" time="2.730" errors="0" timestamp="2024-06-29T20:50:26 IST" skipped="0">
  <testcase classname="com.fakestoreAssignment28_06.FakeStore" name="Create_a_new_order" time="2.730"/>
  <system-out/>
</testsuite> <!-- com.fakestoreAssignment28_06.FakeStore -->
